WARNING:werkzeug: * Debugger is active!
INFO:werkzeug: * Debugger PIN: 346-009-818
INFO:werkzeug: * Detected change in 'd:\\Desktop\\¹ÜÖÙ¾­¼ÃÄ£ÄâÆ÷\\qianduan\\app.py', reloading
INFO:werkzeug: * Detected change in 'd:\\Desktop\\¹ÜÖÙ¾­¼ÃÄ£ÄâÆ÷\\qianduan\\app.py', reloading
INFO:werkzeug: * Detected change in 'd:\\Desktop\\¹ÜÖÙ¾­¼ÃÄ£ÄâÆ÷\\qianduan\\app.py', reloading
WARNING:werkzeug: * Debugger is active!
INFO:werkzeug: * Debugger PIN: 346-009-818
INFO:werkzeug: * Detected change in 'd:\\Desktop\\¹ÜÖÙ¾­¼ÃÄ£ÄâÆ÷\\qianduan\\app.py', reloading
INFO:werkzeug: * Detected change in 'd:\\Desktop\\¹ÜÖÙ¾­¼ÃÄ£ÄâÆ÷\\qianduan\\app.py', reloading
WARNING:werkzeug: * Debugger is active!
INFO:werkzeug: * Debugger PIN: 346-009-818
INFO:werkzeug:[31m[1mWARNING: This is a development server. Do not use it in a production deployment. Use a production WSGI server instead.[0m
 * Running on http://127.0.0.1:5000
INFO:werkzeug:[33mPress CTRL+C to quit[0m
INFO:werkzeug: * Restarting with watchdog (windowsapi)
WARNING:werkzeug: * Debugger is active!
INFO:werkzeug: * Debugger PIN: 346-009-818
INFO:werkzeug:127.0.0.1 - - [28/Jun/2025 23:28:50] "OPTIONS /api/guanzhong/chat HTTP/1.1" 200 -
INFO:werkzeug:127.0.0.1 - - [28/Jun/2025 23:31:51] "OPTIONS /api/guanzhong/chat HTTP/1.1" 200 -
INFO:werkzeug:127.0.0.1 - - [28/Jun/2025 23:32:56] "OPTIONS /api/guanzhong/chat HTTP/1.1" 200 -
INFO:werkzeug: * Detected change in 'd:\\Desktop\\¹ÜÖÙ¾­¼ÃÄ£ÄâÆ÷\\qianduan\\app.py', reloading
INFO:werkzeug: * Detected change in 'd:\\Desktop\\¹ÜÖÙ¾­¼ÃÄ£ÄâÆ÷\\qianduan\\app.py', reloading
INFO:werkzeug: * Detected change in 'd:\\Desktop\\¹ÜÖÙ¾­¼ÃÄ£ÄâÆ÷\\qianduan\\app.py', reloading
INFO:werkzeug: * Restarting with watchdog (windowsapi)
INFO:werkzeug:[31m[1mWARNING: This is a development server. Do not use it in a production deployment. Use a production WSGI server instead.[0m
 * Running on http://127.0.0.1:5000
INFO:werkzeug:[33mPress CTRL+C to quit[0m
INFO:werkzeug:127.0.0.1 - - [03/Oct/2025 19:52:47] "GET / HTTP/1.1" 200 -
INFO:werkzeug:127.0.0.1 - - [03/Oct/2025 19:52:51] "[33mGET /favicon.ico HTTP/1.1[0m" 404 -
INFO:werkzeug:127.0.0.1 - - [03/Oct/2025 19:52:55] "[31m[1mPOST /api/dialogues//messages HTTP/1.1[0m" 405 -
INFO:werkzeug:[31m[1mWARNING: This is a development server. Do not use it in a production deployment. Use a production WSGI server instead.[0m
 * Running on http://127.0.0.1:5000
INFO:werkzeug:[33mPress CTRL+C to quit[0m
INFO:werkzeug:[31m[1mWARNING: This is a development server. Do not use it in a production deployment. Use a production WSGI server instead.[0m
 * Running on http://127.0.0.1:5000
INFO:werkzeug:[33mPress CTRL+C to quit[0m
INFO:werkzeug:[31m[1mWARNING: This is a development server. Do not use it in a production deployment. Use a production WSGI server instead.[0m
 * Running on http://127.0.0.1:5000
INFO:werkzeug:[33mPress CTRL+C to quit[0m
INFO:werkzeug: * Restarting with watchdog (windowsapi)
WARNING:werkzeug: * Debugger is active!
INFO:werkzeug: * Debugger PIN: 346-009-818
INFO:werkzeug: * Detected change in 'D:\\Desktop\\¹ÜÖÙ¾­¼ÃÄ£ÄâÆ÷ - ¸±±¾\\guanzhong-economy-simulator\\backend\\api_design.py', reloading
INFO:werkzeug: * Detected change in 'D:\\Desktop\\¹ÜÖÙ¾­¼ÃÄ£ÄâÆ÷ - ¸±±¾\\guanzhong-economy-simulator\\backend\\api_design.py', reloading
INFO:werkzeug: * Detected change in 'D:\\Desktop\\¹ÜÖÙ¾­¼ÃÄ£ÄâÆ÷ - ¸±±¾\\guanzhong-economy-simulator\\backend\\api_design.py', reloading
INFO:werkzeug: * Restarting with watchdog (windowsapi)
WARNING:werkzeug: * Debugger is active!
INFO:werkzeug: * Debugger PIN: 346-009-818
INFO:werkzeug: * Detected change in 'D:\\Desktop\\¹ÜÖÙ¾­¼ÃÄ£ÄâÆ÷ - ¸±±¾\\guanzhong-economy-simulator\\backend\\app.py', reloading
INFO:werkzeug: * Detected change in 'D:\\Desktop\\¹ÜÖÙ¾­¼ÃÄ£ÄâÆ÷ - ¸±±¾\\guanzhong-economy-simulator\\backend\\app.py', reloading
INFO:werkzeug: * Detected change in 'D:\\Desktop\\¹ÜÖÙ¾­¼ÃÄ£ÄâÆ÷ - ¸±±¾\\guanzhong-economy-simulator\\backend\\app.py', reloading
INFO:werkzeug: * Restarting with watchdog (windowsapi)
2025-10-05 11:03:03,369 - WARNING -  * Debugger is active!
2025-10-05 11:03:03,669 - INFO -  * Debugger PIN: 346-009-818
2025-10-05 11:06:23,515 - INFO -  * Detected change in 'D:\\Desktop\\¹ÜÖÙ¾­¼ÃÄ£ÄâÆ÷ - ¸±±¾\\guanzhong-economy-simulator\\backend\\app.py', reloading
2025-10-05 11:06:23,524 - INFO -  * Detected change in 'D:\\Desktop\\¹ÜÖÙ¾­¼ÃÄ£ÄâÆ÷ - ¸±±¾\\guanzhong-economy-simulator\\backend\\app.py', reloading
2025-10-05 11:06:23,525 - INFO -  * Detected change in 'D:\\Desktop\\¹ÜÖÙ¾­¼ÃÄ£ÄâÆ÷ - ¸±±¾\\guanzhong-economy-simulator\\backend\\app.py', reloading
INFO:werkzeug: * Restarting with watchdog (windowsapi)
2025-10-05 11:06:29,319 - WARNING -  * Debugger is active!
2025-10-05 11:06:29,420 - INFO -  * Debugger PIN: 346-009-818
2025-10-05 11:07:01,673 - INFO -  * Detected change in 'D:\\Desktop\\¹ÜÖÙ¾­¼ÃÄ£ÄâÆ÷ - ¸±±¾\\guanzhong-economy-simulator\\backend\\app.py', reloading
2025-10-05 11:07:01,673 - INFO -  * Detected change in 'D:\\Desktop\\¹ÜÖÙ¾­¼ÃÄ£ÄâÆ÷ - ¸±±¾\\guanzhong-economy-simulator\\backend\\app.py', reloading
INFO:werkzeug: * Restarting with watchdog (windowsapi)
2025-10-05 11:07:04,973 - WARNING -  * Debugger is active!
2025-10-05 11:07:05,005 - INFO -  * Debugger PIN: 346-009-818
2025-10-05 11:08:03,465 - INFO - 127.0.0.1 - - [05/Oct/2025 11:08:03] "GET / HTTP/1.1" 200 -
2025-10-05 11:08:04,191 - INFO - 127.0.0.1 - - [05/Oct/2025 11:08:04] "[33mGET /favicon.ico HTTP/1.1[0m" 404 -
2025-10-05 11:09:13,023 - INFO -  * Detected change in 'D:\\Desktop\\¹ÜÖÙ¾­¼ÃÄ£ÄâÆ÷ - ¸±±¾\\guanzhong-economy-simulator\\backend\\app.py', reloading
2025-10-05 11:09:13,024 - INFO -  * Detected change in 'D:\\Desktop\\¹ÜÖÙ¾­¼ÃÄ£ÄâÆ÷ - ¸±±¾\\guanzhong-economy-simulator\\backend\\app.py', reloading
2025-10-05 11:09:13,025 - INFO -  * Detected change in 'D:\\Desktop\\¹ÜÖÙ¾­¼ÃÄ£ÄâÆ÷ - ¸±±¾\\guanzhong-economy-simulator\\backend\\app.py', reloading
INFO:werkzeug: * Restarting with watchdog (windowsapi)
2025-10-05 11:09:16,004 - WARNING -  * Debugger is active!
2025-10-05 11:09:16,036 - INFO -  * Debugger PIN: 346-009-818
2025-10-05 11:09:22,066 - INFO - 127.0.0.1 - - [05/Oct/2025 11:09:22] "GET / HTTP/1.1" 200 -
2025-10-05 11:12:58,913 - INFO -  * Detected change in 'D:\\Desktop\\¹ÜÖÙ¾­¼ÃÄ£ÄâÆ÷ - ¸±±¾\\guanzhong-economy-simulator\\backend\\app.py', reloading
2025-10-05 11:12:58,923 - INFO -  * Detected change in 'D:\\Desktop\\¹ÜÖÙ¾­¼ÃÄ£ÄâÆ÷ - ¸±±¾\\guanzhong-economy-simulator\\backend\\app.py', reloading
INFO:werkzeug: * Restarting with watchdog (windowsapi)
2025-10-05 11:13:01,241 - WARNING -  * Debugger is active!
2025-10-05 11:13:01,278 - INFO -  * Debugger PIN: 346-009-818
2025-10-05 11:13:56,309 - INFO -  * Detected change in 'D:\\Desktop\\¹ÜÖÙ¾­¼ÃÄ£ÄâÆ÷ - ¸±±¾\\guanzhong-economy-simulator\\backend\\routes\\__init__.py', reloading
2025-10-05 11:13:56,309 - INFO -  * Detected change in 'D:\\Desktop\\¹ÜÖÙ¾­¼ÃÄ£ÄâÆ÷ - ¸±±¾\\guanzhong-economy-simulator\\backend\\routes\\__init__.py', reloading
2025-10-05 11:13:56,314 - INFO -  * Detected change in 'D:\\Desktop\\¹ÜÖÙ¾­¼ÃÄ£ÄâÆ÷ - ¸±±¾\\guanzhong-economy-simulator\\backend\\routes\\__init__.py', reloading
INFO:werkzeug: * Restarting with watchdog (windowsapi)
2025-10-05 11:13:58,512 - WARNING -  * Debugger is active!
2025-10-05 11:13:58,532 - INFO -  * Debugger PIN: 346-009-818
2025-10-05 11:14:33,074 - INFO -  * Detected change in 'D:\\Desktop\\¹ÜÖÙ¾­¼ÃÄ£ÄâÆ÷ - ¸±±¾\\guanzhong-economy-simulator\\backend\\routes\\auth.py', reloading
2025-10-05 11:14:33,083 - INFO -  * Detected change in 'D:\\Desktop\\¹ÜÖÙ¾­¼ÃÄ£ÄâÆ÷ - ¸±±¾\\guanzhong-economy-simulator\\backend\\routes\\auth.py', reloading
2025-10-05 11:14:33,084 - INFO -  * Detected change in 'D:\\Desktop\\¹ÜÖÙ¾­¼ÃÄ£ÄâÆ÷ - ¸±±¾\\guanzhong-economy-simulator\\backend\\routes\\auth.py', reloading
INFO:werkzeug: * Restarting with watchdog (windowsapi)
2025-10-05 11:14:35,532 - WARNING -  * Debugger is active!
2025-10-05 11:14:35,558 - INFO -  * Debugger PIN: 346-009-818
2025-10-05 11:14:47,977 - INFO -  * Detected change in 'D:\\Desktop\\¹ÜÖÙ¾­¼ÃÄ£ÄâÆ÷ - ¸±±¾\\guanzhong-economy-simulator\\backend\\routes\\auth.py', reloading
INFO:werkzeug: * Restarting with watchdog (windowsapi)
2025-10-05 11:14:50,389 - WARNING -  * Debugger is active!
2025-10-05 11:14:50,401 - INFO -  * Debugger PIN: 346-009-818
2025-10-05 11:15:06,290 - INFO -  * Detected change in 'D:\\Desktop\\¹ÜÖÙ¾­¼ÃÄ£ÄâÆ÷ - ¸±±¾\\guanzhong-economy-simulator\\backend\\routes\\auth_route.py', reloading
2025-10-05 11:15:06,291 - INFO -  * Detected change in 'D:\\Desktop\\¹ÜÖÙ¾­¼ÃÄ£ÄâÆ÷ - ¸±±¾\\guanzhong-economy-simulator\\backend\\routes\\auth_routes.py', reloading
INFO:werkzeug: * Restarting with watchdog (windowsapi)
2025-10-05 11:15:08,420 - WARNING -  * Debugger is active!
2025-10-05 11:15:08,437 - INFO -  * Debugger PIN: 346-009-818
2025-10-05 11:17:09,923 - INFO -  * Detected change in 'D:\\Desktop\\¹ÜÖÙ¾­¼ÃÄ£ÄâÆ÷ - ¸±±¾\\guanzhong-economy-simulator\\backend\\models\\__init__.py', reloading
2025-10-05 11:17:09,923 - INFO -  * Detected change in 'D:\\Desktop\\¹ÜÖÙ¾­¼ÃÄ£ÄâÆ÷ - ¸±±¾\\guanzhong-economy-simulator\\backend\\models\\__init__.py', reloading
2025-10-05 11:17:09,923 - INFO -  * Detected change in 'D:\\Desktop\\¹ÜÖÙ¾­¼ÃÄ£ÄâÆ÷ - ¸±±¾\\guanzhong-economy-simulator\\backend\\models\\__init__.py', reloading
INFO:werkzeug: * Restarting with watchdog (windowsapi)
2025-10-05 11:17:13,182 - WARNING -  * Debugger is active!
2025-10-05 11:17:13,216 - INFO -  * Debugger PIN: 346-009-818
2025-10-05 11:18:19,199 - INFO -  * Detected change in 'D:\\Desktop\\¹ÜÖÙ¾­¼ÃÄ£ÄâÆ÷ - ¸±±¾\\guanzhong-economy-simulator\\backend\\routes\\auth_routes.py', reloading
2025-10-05 11:18:19,202 - INFO -  * Detected change in 'D:\\Desktop\\¹ÜÖÙ¾­¼ÃÄ£ÄâÆ÷ - ¸±±¾\\guanzhong-economy-simulator\\backend\\routes\\auth.py', reloading
INFO:werkzeug: * Restarting with watchdog (windowsapi)
2025-10-05 11:18:21,846 - WARNING -  * Debugger is active!
2025-10-05 11:18:21,869 - INFO -  * Debugger PIN: 346-009-818
2025-10-05 11:19:46,793 - INFO -  * Detected change in 'D:\\Desktop\\¹ÜÖÙ¾­¼ÃÄ£ÄâÆ÷ - ¸±±¾\\guanzhong-economy-simulator\\backend\\models\\__init__.py', reloading
2025-10-05 11:19:46,795 - INFO -  * Detected change in 'D:\\Desktop\\¹ÜÖÙ¾­¼ÃÄ£ÄâÆ÷ - ¸±±¾\\guanzhong-economy-simulator\\backend\\models\\__init__.py', reloading
2025-10-05 11:19:46,797 - INFO -  * Detected change in 'D:\\Desktop\\¹ÜÖÙ¾­¼ÃÄ£ÄâÆ÷ - ¸±±¾\\guanzhong-economy-simulator\\backend\\models\\__init__.py', reloading
INFO:werkzeug: * Restarting with watchdog (windowsapi)
2025-10-05 11:19:50,081 - WARNING -  * Debugger is active!
2025-10-05 11:19:50,112 - INFO -  * Debugger PIN: 346-009-818
2025-10-05 11:20:38,190 - INFO -  * Detected change in 'D:\\Desktop\\¹ÜÖÙ¾­¼ÃÄ£ÄâÆ÷ - ¸±±¾\\guanzhong-economy-simulator\\backend\\models\\user.py', reloading
2025-10-05 11:20:38,190 - INFO -  * Detected change in 'D:\\Desktop\\¹ÜÖÙ¾­¼ÃÄ£ÄâÆ÷ - ¸±±¾\\guanzhong-economy-simulator\\backend\\models\\user.py', reloading
INFO:werkzeug: * Restarting with watchdog (windowsapi)
2025-10-05 11:20:40,338 - WARNING -  * Debugger is active!
2025-10-05 11:20:40,354 - INFO -  * Debugger PIN: 346-009-818
2025-10-05 11:21:01,109 - INFO -  * Detected change in 'D:\\Desktop\\¹ÜÖÙ¾­¼ÃÄ£ÄâÆ÷ - ¸±±¾\\guanzhong-economy-simulator\\backend\\models\\economy.py', reloading
2025-10-05 11:21:01,109 - INFO -  * Detected change in 'D:\\Desktop\\¹ÜÖÙ¾­¼ÃÄ£ÄâÆ÷ - ¸±±¾\\guanzhong-economy-simulator\\backend\\models\\economy.py', reloading
INFO:werkzeug: * Restarting with watchdog (windowsapi)
2025-10-05 11:21:03,506 - WARNING -  * Debugger is active!
2025-10-05 11:21:03,522 - INFO -  * Debugger PIN: 346-009-818
2025-10-05 11:21:19,990 - INFO -  * Detected change in 'D:\\Desktop\\¹ÜÖÙ¾­¼ÃÄ£ÄâÆ÷ - ¸±±¾\\guanzhong-economy-simulator\\backend\\models\\economy.py', reloading
2025-10-05 11:21:19,990 - INFO -  * Detected change in 'D:\\Desktop\\¹ÜÖÙ¾­¼ÃÄ£ÄâÆ÷ - ¸±±¾\\guanzhong-economy-simulator\\backend\\models\\economy.py', reloading
INFO:werkzeug: * Restarting with watchdog (windowsapi)
2025-10-05 11:21:22,414 - WARNING -  * Debugger is active!
2025-10-05 11:21:22,440 - INFO -  * Debugger PIN: 346-009-818
2025-10-05 11:24:48,045 - INFO -  * Detected change in 'D:\\Desktop\\¹ÜÖÙ¾­¼ÃÄ£ÄâÆ÷ - ¸±±¾\\guanzhong-economy-simulator\\backend\\models\\economy.py', reloading
INFO:werkzeug: * Restarting with watchdog (windowsapi)
2025-10-05 11:24:52,779 - WARNING -  * Debugger is active!
2025-10-05 11:24:52,811 - INFO -  * Debugger PIN: 346-009-818
2025-10-05 11:25:09,190 - INFO -  * Detected change in 'D:\\Desktop\\¹ÜÖÙ¾­¼ÃÄ£ÄâÆ÷ - ¸±±¾\\guanzhong-economy-simulator\\backend\\models\\economy.py', reloading
INFO:werkzeug: * Restarting with watchdog (windowsapi)
2025-10-05 11:25:12,387 - WARNING -  * Debugger is active!
2025-10-05 11:25:12,422 - INFO -  * Debugger PIN: 346-009-818
2025-10-05 11:25:31,336 - INFO -  * Detected change in 'D:\\Desktop\\¹ÜÖÙ¾­¼ÃÄ£ÄâÆ÷ - ¸±±¾\\guanzhong-economy-simulator\\backend\\models\\economy.py', reloading
2025-10-05 11:25:31,342 - INFO -  * Detected change in 'D:\\Desktop\\¹ÜÖÙ¾­¼ÃÄ£ÄâÆ÷ - ¸±±¾\\guanzhong-economy-simulator\\backend\\models\\economy.py', reloading
INFO:werkzeug: * Restarting with watchdog (windowsapi)
2025-10-05 11:25:33,451 - WARNING -  * Debugger is active!
2025-10-05 11:25:33,473 - INFO -  * Debugger PIN: 346-009-818
2025-10-05 11:27:00,235 - INFO -  * Detected change in 'D:\\Desktop\\¹ÜÖÙ¾­¼ÃÄ£ÄâÆ÷ - ¸±±¾\\guanzhong-economy-simulator\\backend\\routes\\game.py', reloading
2025-10-05 11:27:00,244 - INFO -  * Detected change in 'D:\\Desktop\\¹ÜÖÙ¾­¼ÃÄ£ÄâÆ÷ - ¸±±¾\\guanzhong-economy-simulator\\backend\\routes\\game.py', reloading
2025-10-05 11:27:00,245 - INFO -  * Detected change in 'D:\\Desktop\\¹ÜÖÙ¾­¼ÃÄ£ÄâÆ÷ - ¸±±¾\\guanzhong-economy-simulator\\backend\\routes\\game.py', reloading
INFO:werkzeug: * Restarting with watchdog (windowsapi)
2025-10-05 11:27:02,997 - WARNING -  * Debugger is active!
2025-10-05 11:27:03,034 - INFO -  * Debugger PIN: 346-009-818
2025-10-05 11:27:25,208 - INFO -  * Detected change in 'D:\\Desktop\\¹ÜÖÙ¾­¼ÃÄ£ÄâÆ÷ - ¸±±¾\\guanzhong-economy-simulator\\backend\\routes\\economy.py', reloading
2025-10-05 11:27:25,210 - INFO -  * Detected change in 'D:\\Desktop\\¹ÜÖÙ¾­¼ÃÄ£ÄâÆ÷ - ¸±±¾\\guanzhong-economy-simulator\\backend\\routes\\economy.py', reloading
INFO:werkzeug: * Restarting with watchdog (windowsapi)
2025-10-05 11:27:28,661 - WARNING -  * Debugger is active!
2025-10-05 11:27:28,697 - INFO -  * Debugger PIN: 346-009-818
2025-10-05 11:27:55,948 - INFO -  * Detected change in 'D:\\Desktop\\¹ÜÖÙ¾­¼ÃÄ£ÄâÆ÷ - ¸±±¾\\guanzhong-economy-simulator\\backend\\routes\\dialogue.py', reloading
2025-10-05 11:27:55,950 - INFO -  * Detected change in 'D:\\Desktop\\¹ÜÖÙ¾­¼ÃÄ£ÄâÆ÷ - ¸±±¾\\guanzhong-economy-simulator\\backend\\routes\\dialogue.py', reloading
INFO:werkzeug: * Restarting with watchdog (windowsapi)
2025-10-05 11:27:58,673 - WARNING -  * Debugger is active!
2025-10-05 11:27:58,705 - INFO -  * Debugger PIN: 346-009-818
2025-10-05 11:28:39,226 - INFO -  * Detected change in 'D:\\Desktop\\¹ÜÖÙ¾­¼ÃÄ£ÄâÆ÷ - ¸±±¾\\guanzhong-economy-simulator\\backend\\routes\\auth_routes.py', reloading
2025-10-05 11:28:39,242 - INFO -  * Detected change in 'D:\\Desktop\\¹ÜÖÙ¾­¼ÃÄ£ÄâÆ÷ - ¸±±¾\\guanzhong-economy-simulator\\backend\\routes\\auth_routes.py', reloading
2025-10-05 11:28:39,243 - INFO -  * Detected change in 'D:\\Desktop\\¹ÜÖÙ¾­¼ÃÄ£ÄâÆ÷ - ¸±±¾\\guanzhong-economy-simulator\\backend\\routes\\auth_routes.py', reloading
INFO:werkzeug: * Restarting with watchdog (windowsapi)
2025-10-05 11:28:41,902 - WARNING -  * Debugger is active!
2025-10-05 11:28:41,938 - INFO -  * Debugger PIN: 346-009-818
2025-10-05 11:28:49,734 - INFO -  * Detected change in 'D:\\Desktop\\¹ÜÖÙ¾­¼ÃÄ£ÄâÆ÷ - ¸±±¾\\guanzhong-economy-simulator\\backend\\routes\\auth_routes.py', reloading
INFO:werkzeug: * Restarting with watchdog (windowsapi)
2025-10-05 11:28:52,302 - WARNING -  * Debugger is active!
2025-10-05 11:28:52,341 - INFO -  * Debugger PIN: 346-009-818
2025-10-05 11:29:16,750 - INFO -  * Detected change in 'D:\\Desktop\\¹ÜÖÙ¾­¼ÃÄ£ÄâÆ÷ - ¸±±¾\\guanzhong-economy-simulator\\backend\\routes\\auth.py', reloading
2025-10-05 11:29:16,752 - INFO -  * Detected change in 'D:\\Desktop\\¹ÜÖÙ¾­¼ÃÄ£ÄâÆ÷ - ¸±±¾\\guanzhong-economy-simulator\\backend\\routes\\auth.py', reloading
2025-10-05 11:29:16,755 - INFO -  * Detected change in 'D:\\Desktop\\¹ÜÖÙ¾­¼ÃÄ£ÄâÆ÷ - ¸±±¾\\guanzhong-economy-simulator\\backend\\routes\\auth.py', reloading
INFO:werkzeug: * Restarting with watchdog (windowsapi)
2025-10-05 11:29:19,340 - WARNING -  * Debugger is active!
2025-10-05 11:29:19,374 - INFO -  * Debugger PIN: 346-009-818
2025-10-05 11:29:42,854 - INFO -  * Detected change in 'D:\\Desktop\\¹ÜÖÙ¾­¼ÃÄ£ÄâÆ÷ - ¸±±¾\\guanzhong-economy-simulator\\backend\\routes\\__init__.py', reloading
2025-10-05 11:29:42,866 - INFO -  * Detected change in 'D:\\Desktop\\¹ÜÖÙ¾­¼ÃÄ£ÄâÆ÷ - ¸±±¾\\guanzhong-economy-simulator\\backend\\routes\\__init__.py', reloading
2025-10-05 11:29:42,867 - INFO -  * Detected change in 'D:\\Desktop\\¹ÜÖÙ¾­¼ÃÄ£ÄâÆ÷ - ¸±±¾\\guanzhong-economy-simulator\\backend\\routes\\__init__.py', reloading
INFO:werkzeug: * Restarting with watchdog (windowsapi)
2025-10-05 11:29:45,815 - WARNING -  * Debugger is active!
2025-10-05 11:29:45,831 - INFO -  * Debugger PIN: 346-009-818
2025-10-05 11:30:30,629 - INFO -  * Detected change in 'D:\\Desktop\\¹ÜÖÙ¾­¼ÃÄ£ÄâÆ÷ - ¸±±¾\\guanzhong-economy-simulator\\backend\\models\\game_engine.py', reloading
INFO:werkzeug: * Restarting with watchdog (windowsapi)
2025-10-05 11:30:33,796 - WARNING -  * Debugger is active!
2025-10-05 11:30:33,838 - INFO -  * Debugger PIN: 346-009-818
2025-10-05 11:31:41,887 - INFO -  * Detected change in 'D:\\Desktop\\¹ÜÖÙ¾­¼ÃÄ£ÄâÆ÷ - ¸±±¾\\guanzhong-economy-simulator\\backend\\app.py', reloading
2025-10-05 11:31:41,896 - INFO -  * Detected change in 'D:\\Desktop\\¹ÜÖÙ¾­¼ÃÄ£ÄâÆ÷ - ¸±±¾\\guanzhong-economy-simulator\\backend\\app.py', reloading
2025-10-05 11:31:41,897 - INFO -  * Detected change in 'D:\\Desktop\\¹ÜÖÙ¾­¼ÃÄ£ÄâÆ÷ - ¸±±¾\\guanzhong-economy-simulator\\backend\\app.py', reloading
2025-10-05 11:31:41,901 - INFO -  * Detected change in 'D:\\Desktop\\¹ÜÖÙ¾­¼ÃÄ£ÄâÆ÷ - ¸±±¾\\guanzhong-economy-simulator\\backend\\app.py', reloading
INFO:werkzeug: * Restarting with watchdog (windowsapi)
